# JRE version: OpenJDK Runtime Environment (8.0_91-b14) (build 1.8.0_91-8u91-b14-0ubuntu4~16.04.1-b14)
# Java VM: OpenJDK 64-Bit Server VM (25.91-b14 mixed mode linux-amd64 compressed oops)
Heap:
 def new generation   total 87232K, used 83593K [0x00000000e8000000, 0x00000000edea0000, 0x00000000f0000000)
  eden space 77568K, 100% used [0x00000000e8000000, 0x00000000ecbc0000, 0x00000000ecbc0000)
  from space 9664K,  62% used [0x00000000ed530000, 0x00000000edb12508, 0x00000000edea0000)
  to   space 9664K, 100% used [0x00000000ecbc0000, 0x00000000ed530000, 0x00000000ed530000)
 tenured generation   total 210520K, used 210520K [0x00000000f0000000, 0x00000000fcd96000, 0x0000000100000000)
   the space 210520K, 100% used [0x00000000f0000000, 0x00000000fcd96000, 0x00000000fcd96000, 0x00000000fcd96000)
 Metaspace       used 18587K, capacity 19078K, committed 19328K, reserved 1067008K
  class space    used 1743K, capacity 1863K, committed 1920K, reserved 1048576K
GC Heap History (10 events):
Event: 57.165 GC heap after
Heap after GC invocations=49 (full 9):
 def new generation   total 87232K, used 9663K [0x00000000e8000000, 0x00000000edea0000, 0x00000000f0000000)
  eden space 77568K,   0% used [0x00000000e8000000, 0x00000000e8000000, 0x00000000ecbc0000)
  from space 9664K,  99% used [0x00000000ed530000, 0x00000000ede9fff8, 0x00000000edea0000)
  to   space 9664K,   0% used [0x00000000ecbc0000, 0x00000000ecbc0000, 0x00000000ed530000)
 tenured generation   total 193660K, used 110186K [0x00000000f0000000, 0x00000000fbd1f000, 0x0000000100000000)
   the space 193660K,  56% used [0x00000000f0000000, 0x00000000f6b9a828, 0x00000000f6b9aa00, 0x00000000fbd1f000)
 Metaspace       used 17287K, capacity 17536K, committed 17664K, reserved 1064960K
  class space    used 1567K, capacity 1670K, committed 1792K, reserved 1048576K
}
Event: 59.501 GC heap before
{Heap before GC invocations=49 (full 9):
 def new generation   total 87232K, used 87231K [0x00000000e8000000, 0x00000000edea0000, 0x00000000f0000000)
  eden space 77568K, 100% used [0x00000000e8000000, 0x00000000ecbc0000, 0x00000000ecbc0000)
  from space 9664K,  99% used [0x00000000ed530000, 0x00000000ede9fff8, 0x00000000edea0000)
  to   space 9664K,   0% used [0x00000000ecbc0000, 0x00000000ecbc0000, 0x00000000ed530000)
 tenured generation   total 193660K, used 110186K [0x00000000f0000000, 0x00000000fbd1f000, 0x0000000100000000)
   the space 193660K,  56% used [0x00000000f0000000, 0x00000000f6b9a828, 0x00000000f6b9aa00, 0x00000000fbd1f000)
 Metaspace       used 18417K, capacity 18872K, committed 19072K, reserved 1067008K
  class space    used 1728K, capacity 1850K, committed 1920K, reserved 1048576K
Event: 59.657 GC heap after
Heap after GC invocations=50 (full 9):
 def new generation   total 87232K, used 9663K [0x00000000e8000000, 0x00000000edea0000, 0x00000000f0000000)
  eden space 77568K,   0% used [0x00000000e8000000, 0x00000000e8000000, 0x00000000ecbc0000)
  from space 9664K,  99% used [0x00000000ecbc0000, 0x00000000ed52fff8, 0x00000000ed530000)
  to   space 9664K,   0% used [0x00000000ed530000, 0x00000000ed530000, 0x00000000edea0000)
 tenured generation   total 193660K, used 119149K [0x00000000f0000000, 0x00000000fbd1f000, 0x0000000100000000)
   the space 193660K,  61% used [0x00000000f0000000, 0x00000000f745b678, 0x00000000f745b800, 0x00000000fbd1f000)
 Metaspace       used 18417K, capacity 18872K, committed 19072K, reserved 1067008K
  class space    used 1728K, capacity 1850K, committed 1920K, reserved 1048576K
}
Event: 61.633 GC heap before
{Heap before GC invocations=50 (full 9):
 def new generation   total 87232K, used 87231K [0x00000000e8000000, 0x00000000edea0000, 0x00000000f0000000)
  eden space 77568K, 100% used [0x00000000e8000000, 0x00000000ecbc0000, 0x00000000ecbc0000)
  from space 9664K,  99% used [0x00000000ecbc0000, 0x00000000ed52fff8, 0x00000000ed530000)
  to   space 9664K,   0% used [0x00000000ed530000, 0x00000000ed530000, 0x00000000edea0000)
 tenured generation   total 193660K, used 119149K [0x00000000f0000000, 0x00000000fbd1f000, 0x0000000100000000)
   the space 193660K,  61% used [0x00000000f0000000, 0x00000000f745b678, 0x00000000f745b800, 0x00000000fbd1f000)
 Metaspace       used 18560K, capacity 19014K, committed 19072K, reserved 1067008K
  class space    used 1743K, capacity 1863K, committed 1920K, reserved 1048576K
Event: 61.735 GC heap after
Heap after GC invocations=51 (full 9):
 def new generation   total 87232K, used 9664K [0x00000000e8000000, 0x00000000edea0000, 0x00000000f0000000)
  eden space 77568K,   0% used [0x00000000e8000000, 0x00000000e8000000, 0x00000000ecbc0000)
  from space 9664K, 100% used [0x00000000ed530000, 0x00000000edea0000, 0x00000000edea0000)
  to   space 9664K,   0% used [0x00000000ecbc0000, 0x00000000ecbc0000, 0x00000000ed530000)
 tenured generation   total 193660K, used 150393K [0x00000000f0000000, 0x00000000fbd1f000, 0x0000000100000000)
   the space 193660K,  77% used [0x00000000f0000000, 0x00000000f92de638, 0x00000000f92de800, 0x00000000fbd1f000)
 Metaspace       used 18560K, capacity 19014K, committed 19072K, reserved 1067008K
  class space    used 1743K, capacity 1863K, committed 1920K, reserved 1048576K
}
Event: 62.051 GC heap before
{Heap before GC invocations=51 (full 9):
 def new generation   total 87232K, used 87232K [0x00000000e8000000, 0x00000000edea0000, 0x00000000f0000000)
  eden space 77568K, 100% used [0x00000000e8000000, 0x00000000ecbc0000, 0x00000000ecbc0000)
  from space 9664K, 100% used [0x00000000ed530000, 0x00000000edea0000, 0x00000000edea0000)
  to   space 9664K,   0% used [0x00000000ecbc0000, 0x00000000ecbc0000, 0x00000000ed530000)
 tenured generation   total 193660K, used 150393K [0x00000000f0000000, 0x00000000fbd1f000, 0x0000000100000000)
   the space 193660K,  77% used [0x00000000f0000000, 0x00000000f92de638, 0x00000000f92de800, 0x00000000fbd1f000)
 Metaspace       used 18562K, capacity 19014K, committed 19072K, reserved 1067008K
  class space    used 1743K, capacity 1863K, committed 1920K, reserved 1048576K
Event: 62.131 GC heap after
Heap after GC invocations=52 (full 9):
 def new generation   total 87232K, used 9664K [0x00000000e8000000, 0x00000000edea0000, 0x00000000f0000000)
  eden space 77568K,   0% used [0x00000000e8000000, 0x00000000e8000000, 0x00000000ecbc0000)
  from space 9664K, 100% used [0x00000000ecbc0000, 0x00000000ed530000, 0x00000000ed530000)
  to   space 9664K,   0% used [0x00000000ed530000, 0x00000000ed530000, 0x00000000edea0000)
 tenured generation   total 193660K, used 174006K [0x00000000f0000000, 0x00000000fbd1f000, 0x0000000100000000)
   the space 193660K,  89% used [0x00000000f0000000, 0x00000000fa9edaa8, 0x00000000fa9edc00, 0x00000000fbd1f000)
 Metaspace       used 18562K, capacity 19014K, committed 19072K, reserved 1067008K
  class space    used 1743K, capacity 1863K, committed 1920K, reserved 1048576K
}
Event: 62.220 GC heap before
{Heap before GC invocations=52 (full 9):
 def new generation   total 87232K, used 87232K [0x00000000e8000000, 0x00000000edea0000, 0x00000000f0000000)
  eden space 77568K, 100% used [0x00000000e8000000, 0x00000000ecbc0000, 0x00000000ecbc0000)
  from space 9664K, 100% used [0x00000000ecbc0000, 0x00000000ed530000, 0x00000000ed530000)
  to   space 9664K,   0% used [0x00000000ed530000, 0x00000000ed530000, 0x00000000edea0000)
 tenured generation   total 193660K, used 174006K [0x00000000f0000000, 0x00000000fbd1f000, 0x0000000100000000)
   the space 193660K,  89% used [0x00000000f0000000, 0x00000000fa9edaa8, 0x00000000fa9edc00, 0x00000000fbd1f000)
 Metaspace       used 18562K, capacity 19014K, committed 19072K, reserved 1067008K
  class space    used 1743K, capacity 1863K, committed 1920K, reserved 1048576K
Event: 62.254 GC heap after
Heap after GC invocations=53 (full 9):
 def new generation   total 87232K, used 6025K [0x00000000e8000000, 0x00000000edea0000, 0x00000000f0000000)
  eden space 77568K,   0% used [0x00000000e8000000, 0x00000000e8000000, 0x00000000ecbc0000)
  from space 9664K,  62% used [0x00000000ed530000, 0x00000000edb12508, 0x00000000edea0000)
  to   space 9664K,   0% used [0x00000000ecbc0000, 0x00000000ecbc0000, 0x00000000ed530000)
 tenured generation   total 193660K, used 183531K [0x00000000f0000000, 0x00000000fbd1f000, 0x0000000100000000)
   the space 193660K,  94% used [0x00000000f0000000, 0x00000000fb33afc8, 0x00000000fb33b000, 0x00000000fbd1f000)
 Metaspace       used 18562K, capacity 19014K, committed 19072K, reserved 1067008K
  class space    used 1743K, capacity 1863K, committed 1920K, reserved 1048576K
}
Event: 63.710 GC heap before
{Heap before GC invocations=53 (full 9):
 def new generation   total 87232K, used 83593K [0x00000000e8000000, 0x00000000edea0000, 0x00000000f0000000)
  eden space 77568K, 100% used [0x00000000e8000000, 0x00000000ecbc0000, 0x00000000ecbc0000)
  from space 9664K,  62% used [0x00000000ed530000, 0x00000000edb12508, 0x00000000edea0000)
  to   space 9664K,   0% used [0x00000000ecbc0000, 0x00000000ecbc0000, 0x00000000ed530000)
 tenured generation   total 193660K, used 183531K [0x00000000f0000000, 0x00000000fbd1f000, 0x0000000100000000)
   the space 193660K,  94% used [0x00000000f0000000, 0x00000000fb33afc8, 0x00000000fb33b000, 0x00000000fbd1f000)
 Metaspace       used 18587K, capacity 19078K, committed 19328K, reserved 1067008K
  class space    used 1743K, capacity 1863K, committed 1920K, reserved 1048576K

