# JRE version: OpenJDK Runtime Environment (8.0_91-b14) (build 1.8.0_91-8u91-b14-0ubuntu4~16.04.1-b14)
# Java VM: OpenJDK 64-Bit Server VM (25.91-b14 mixed mode linux-amd64 compressed oops)
Heap:
 def new generation   total 87104K, used 82158K [0x00000000e8000000, 0x00000000ede80000, 0x00000000f0000000)
  eden space 77440K, 100% used [0x00000000e8000000, 0x00000000ecba0000, 0x00000000ecba0000)
  from space 9664K,  48% used [0x00000000ed510000, 0x00000000ed9abb60, 0x00000000ede80000)
  to   space 9664K, 100% used [0x00000000ecba0000, 0x00000000ed510000, 0x00000000ed510000)
 tenured generation   total 196148K, used 196147K [0x00000000f0000000, 0x00000000fbf8d000, 0x0000000100000000)
   the space 196148K,  99% used [0x00000000f0000000, 0x00000000fbf8cff0, 0x00000000fbf8d000, 0x00000000fbf8d000)
 Metaspace       used 18593K, capacity 19078K, committed 19328K, reserved 1067008K
  class space    used 1743K, capacity 1863K, committed 1920K, reserved 1048576K
GC Heap History (10 events):
Event: 39.675 GC heap after
Heap after GC invocations=49 (full 9):
 def new generation   total 87104K, used 9664K [0x00000000e8000000, 0x00000000ede80000, 0x00000000f0000000)
  eden space 77440K,   0% used [0x00000000e8000000, 0x00000000e8000000, 0x00000000ecba0000)
  from space 9664K, 100% used [0x00000000ed510000, 0x00000000ede80000, 0x00000000ede80000)
  to   space 9664K,   0% used [0x00000000ecba0000, 0x00000000ecba0000, 0x00000000ed510000)
 tenured generation   total 193460K, used 109945K [0x00000000f0000000, 0x00000000fbced000, 0x0000000100000000)
   the space 193460K,  56% used [0x00000000f0000000, 0x00000000f6b5e6b0, 0x00000000f6b5e800, 0x00000000fbced000)
 Metaspace       used 17314K, capacity 17600K, committed 17920K, reserved 1064960K
  class space    used 1568K, capacity 1670K, committed 1792K, reserved 1048576K
}
Event: 41.304 GC heap before
{Heap before GC invocations=49 (full 9):
 def new generation   total 87104K, used 87104K [0x00000000e8000000, 0x00000000ede80000, 0x00000000f0000000)
  eden space 77440K, 100% used [0x00000000e8000000, 0x00000000ecba0000, 0x00000000ecba0000)
  from space 9664K, 100% used [0x00000000ed510000, 0x00000000ede80000, 0x00000000ede80000)
  to   space 9664K,   0% used [0x00000000ecba0000, 0x00000000ecba0000, 0x00000000ed510000)
 tenured generation   total 193460K, used 109945K [0x00000000f0000000, 0x00000000fbced000, 0x0000000100000000)
   the space 193460K,  56% used [0x00000000f0000000, 0x00000000f6b5e6b0, 0x00000000f6b5e800, 0x00000000fbced000)
 Metaspace       used 18386K, capacity 18818K, committed 19072K, reserved 1067008K
  class space    used 1721K, capacity 1841K, committed 1920K, reserved 1048576K
Event: 41.378 GC heap after
Heap after GC invocations=50 (full 9):
 def new generation   total 87104K, used 9664K [0x00000000e8000000, 0x00000000ede80000, 0x00000000f0000000)
  eden space 77440K,   0% used [0x00000000e8000000, 0x00000000e8000000, 0x00000000ecba0000)
  from space 9664K, 100% used [0x00000000ecba0000, 0x00000000ed510000, 0x00000000ed510000)
  to   space 9664K,   0% used [0x00000000ed510000, 0x00000000ed510000, 0x00000000ede80000)
 tenured generation   total 193460K, used 119392K [0x00000000f0000000, 0x00000000fbced000, 0x0000000100000000)
   the space 193460K,  61% used [0x00000000f0000000, 0x00000000f74983a8, 0x00000000f7498400, 0x00000000fbced000)
 Metaspace       used 18386K, capacity 18818K, committed 19072K, reserved 1067008K
  class space    used 1721K, capacity 1841K, committed 1920K, reserved 1048576K
}
Event: 42.845 GC heap before
{Heap before GC invocations=50 (full 9):
 def new generation   total 87104K, used 87104K [0x00000000e8000000, 0x00000000ede80000, 0x00000000f0000000)
  eden space 77440K, 100% used [0x00000000e8000000, 0x00000000ecba0000, 0x00000000ecba0000)
  from space 9664K, 100% used [0x00000000ecba0000, 0x00000000ed510000, 0x00000000ed510000)
  to   space 9664K,   0% used [0x00000000ed510000, 0x00000000ed510000, 0x00000000ede80000)
 tenured generation   total 193460K, used 119392K [0x00000000f0000000, 0x00000000fbced000, 0x0000000100000000)
   the space 193460K,  61% used [0x00000000f0000000, 0x00000000f74983a8, 0x00000000f7498400, 0x00000000fbced000)
 Metaspace       used 18565K, capacity 19014K, committed 19072K, reserved 1067008K
  class space    used 1743K, capacity 1863K, committed 1920K, reserved 1048576K
Event: 43.159 GC heap after
Heap after GC invocations=51 (full 9):
 def new generation   total 87104K, used 9664K [0x00000000e8000000, 0x00000000ede80000, 0x00000000f0000000)
  eden space 77440K,   0% used [0x00000000e8000000, 0x00000000e8000000, 0x00000000ecba0000)
  from space 9664K, 100% used [0x00000000ed510000, 0x00000000ede80000, 0x00000000ede80000)
  to   space 9664K,   0% used [0x00000000ecba0000, 0x00000000ecba0000, 0x00000000ed510000)
 tenured generation   total 193460K, used 150108K [0x00000000f0000000, 0x00000000fbced000, 0x0000000100000000)
   the space 193460K,  77% used [0x00000000f0000000, 0x00000000f9297108, 0x00000000f9297200, 0x00000000fbced000)
 Metaspace       used 18565K, capacity 19014K, committed 19072K, reserved 1067008K
  class space    used 1743K, capacity 1863K, committed 1920K, reserved 1048576K
}
Event: 44.019 GC heap before
{Heap before GC invocations=51 (full 9):
 def new generation   total 87104K, used 87082K [0x00000000e8000000, 0x00000000ede80000, 0x00000000f0000000)
  eden space 77440K,  99% used [0x00000000e8000000, 0x00000000ecb9a888, 0x00000000ecba0000)
  from space 9664K, 100% used [0x00000000ed510000, 0x00000000ede80000, 0x00000000ede80000)
  to   space 9664K,   0% used [0x00000000ecba0000, 0x00000000ecba0000, 0x00000000ed510000)
 tenured generation   total 193460K, used 150108K [0x00000000f0000000, 0x00000000fbced000, 0x0000000100000000)
   the space 193460K,  77% used [0x00000000f0000000, 0x00000000f9297108, 0x00000000f9297200, 0x00000000fbced000)
 Metaspace       used 18567K, capacity 19014K, committed 19072K, reserved 1067008K
  class space    used 1743K, capacity 1863K, committed 1920K, reserved 1048576K
Event: 44.270 GC heap after
Heap after GC invocations=52 (full 9):
 def new generation   total 87104K, used 9663K [0x00000000e8000000, 0x00000000ede80000, 0x00000000f0000000)
  eden space 77440K,   0% used [0x00000000e8000000, 0x00000000e8000000, 0x00000000ecba0000)
  from space 9664K,  99% used [0x00000000ecba0000, 0x00000000ed50fff8, 0x00000000ed510000)
  to   space 9664K,   0% used [0x00000000ed510000, 0x00000000ed510000, 0x00000000ede80000)
 tenured generation   total 193460K, used 174853K [0x00000000f0000000, 0x00000000fbced000, 0x0000000100000000)
   the space 193460K,  90% used [0x00000000f0000000, 0x00000000faac1640, 0x00000000faac1800, 0x00000000fbced000)
 Metaspace       used 18567K, capacity 19014K, committed 19072K, reserved 1067008K
  class space    used 1743K, capacity 1863K, committed 1920K, reserved 1048576K
}
Event: 44.509 GC heap before
{Heap before GC invocations=52 (full 9):
 def new generation   total 87104K, used 87103K [0x00000000e8000000, 0x00000000ede80000, 0x00000000f0000000)
  eden space 77440K, 100% used [0x00000000e8000000, 0x00000000ecba0000, 0x00000000ecba0000)
  from space 9664K,  99% used [0x00000000ecba0000, 0x00000000ed50fff8, 0x00000000ed510000)
  to   space 9664K,   0% used [0x00000000ed510000, 0x00000000ed510000, 0x00000000ede80000)
 tenured generation   total 193460K, used 174853K [0x00000000f0000000, 0x00000000fbced000, 0x0000000100000000)
   the space 193460K,  90% used [0x00000000f0000000, 0x00000000faac1640, 0x00000000faac1800, 0x00000000fbced000)
 Metaspace       used 18567K, capacity 19014K, committed 19072K, reserved 1067008K
  class space    used 1743K, capacity 1863K, committed 1920K, reserved 1048576K
Event: 44.573 GC heap after
Heap after GC invocations=53 (full 9):
 def new generation   total 87104K, used 4718K [0x00000000e8000000, 0x00000000ede80000, 0x00000000f0000000)
  eden space 77440K,   0% used [0x00000000e8000000, 0x00000000e8000000, 0x00000000ecba0000)
  from space 9664K,  48% used [0x00000000ed510000, 0x00000000ed9abb60, 0x00000000ede80000)
  to   space 9664K,   0% used [0x00000000ecba0000, 0x00000000ecba0000, 0x00000000ed510000)
 tenured generation   total 193460K, used 184398K [0x00000000f0000000, 0x00000000fbced000, 0x0000000100000000)
   the space 193460K,  95% used [0x00000000f0000000, 0x00000000fb4139e8, 0x00000000fb413a00, 0x00000000fbced000)
 Metaspace       used 18567K, capacity 19014K, committed 19072K, reserved 1067008K
  class space    used 1743K, capacity 1863K, committed 1920K, reserved 1048576K
}
Event: 49.837 GC heap before
{Heap before GC invocations=53 (full 9):
 def new generation   total 87104K, used 82158K [0x00000000e8000000, 0x00000000ede80000, 0x00000000f0000000)
  eden space 77440K, 100% used [0x00000000e8000000, 0x00000000ecba0000, 0x00000000ecba0000)
  from space 9664K,  48% used [0x00000000ed510000, 0x00000000ed9abb60, 0x00000000ede80000)
  to   space 9664K,   0% used [0x00000000ecba0000, 0x00000000ecba0000, 0x00000000ed510000)
 tenured generation   total 193460K, used 184398K [0x00000000f0000000, 0x00000000fbced000, 0x0000000100000000)
   the space 193460K,  95% used [0x00000000f0000000, 0x00000000fb4139e8, 0x00000000fb413a00, 0x00000000fbced000)
 Metaspace       used 18593K, capacity 19078K, committed 19328K, reserved 1067008K
  class space    used 1743K, capacity 1863K, committed 1920K, reserved 1048576K

