# JRE version: OpenJDK Runtime Environment (8.0_91-b14) (build 1.8.0_91-8u91-b14-0ubuntu4~16.04.1-b14)
# Java VM: OpenJDK 64-Bit Server VM (25.91-b14 mixed mode linux-amd64 compressed oops)
Heap:
 def new generation   total 87552K, used 86174K [0x00000000e8000000, 0x00000000edef0000, 0x00000000f0000000)
  eden space 77888K, 100% used [0x00000000e8000000, 0x00000000ecc10000, 0x00000000ecc10000)
  from space 9664K,  85% used [0x00000000ecc10000, 0x00000000ed427ac8, 0x00000000ed580000)
  to   space 9664K, 100% used [0x00000000ed580000, 0x00000000edef0000, 0x00000000edef0000)
 tenured generation   total 198624K, used 198624K [0x00000000f0000000, 0x00000000fc1f8000, 0x0000000100000000)
   the space 198624K, 100% used [0x00000000f0000000, 0x00000000fc1f8000, 0x00000000fc1f8000, 0x00000000fc1f8000)
 Metaspace       used 19844K, capacity 20542K, committed 20736K, reserved 1069056K
  class space    used 1879K, capacity 2027K, committed 2048K, reserved 1048576K
GC Heap History (10 events):
Event: 81.423 GC heap after
Heap after GC invocations=60 (full 10):
 def new generation   total 87552K, used 9663K [0x00000000e8000000, 0x00000000edef0000, 0x00000000f0000000)
  eden space 77888K,   0% used [0x00000000e8000000, 0x00000000e8000000, 0x00000000ecc10000)
  from space 9664K,  99% used [0x00000000ecc10000, 0x00000000ed57fff8, 0x00000000ed580000)
  to   space 9664K,   0% used [0x00000000ed580000, 0x00000000ed580000, 0x00000000edef0000)
 tenured generation   total 194316K, used 147734K [0x00000000f0000000, 0x00000000fbdc3000, 0x0000000100000000)
   the space 194316K,  76% used [0x00000000f0000000, 0x00000000f9045830, 0x00000000f9045a00, 0x00000000fbdc3000)
 Metaspace       used 19155K, capacity 19678K, committed 19968K, reserved 1067008K
  class space    used 1811K, capacity 1931K, committed 2048K, reserved 1048576K
}
Event: 88.977 GC heap before
{Heap before GC invocations=60 (full 10):
 def new generation   total 87552K, used 87551K [0x00000000e8000000, 0x00000000edef0000, 0x00000000f0000000)
  eden space 77888K, 100% used [0x00000000e8000000, 0x00000000ecc10000, 0x00000000ecc10000)
  from space 9664K,  99% used [0x00000000ecc10000, 0x00000000ed57fff8, 0x00000000ed580000)
  to   space 9664K,   0% used [0x00000000ed580000, 0x00000000ed580000, 0x00000000edef0000)
 tenured generation   total 194316K, used 147734K [0x00000000f0000000, 0x00000000fbdc3000, 0x0000000100000000)
   the space 194316K,  76% used [0x00000000f0000000, 0x00000000f9045830, 0x00000000f9045a00, 0x00000000fbdc3000)
 Metaspace       used 19427K, capacity 20046K, committed 20224K, reserved 1067008K
  class space    used 1835K, capacity 1971K, committed 2048K, reserved 1048576K
Event: 89.221 GC heap after
Heap after GC invocations=61 (full 10):
 def new generation   total 87552K, used 9664K [0x00000000e8000000, 0x00000000edef0000, 0x00000000f0000000)
  eden space 77888K,   0% used [0x00000000e8000000, 0x00000000e8000000, 0x00000000ecc10000)
  from space 9664K, 100% used [0x00000000ed580000, 0x00000000edef0000, 0x00000000edef0000)
  to   space 9664K,   0% used [0x00000000ecc10000, 0x00000000ecc10000, 0x00000000ed580000)
 tenured generation   total 194316K, used 157025K [0x00000000f0000000, 0x00000000fbdc3000, 0x0000000100000000)
   the space 194316K,  80% used [0x00000000f0000000, 0x00000000f99584b0, 0x00000000f9958600, 0x00000000fbdc3000)
 Metaspace       used 19427K, capacity 20046K, committed 20224K, reserved 1067008K
  class space    used 1835K, capacity 1971K, committed 2048K, reserved 1048576K
}
Event: 100.667 GC heap before
{Heap before GC invocations=61 (full 10):
 def new generation   total 87552K, used 87552K [0x00000000e8000000, 0x00000000edef0000, 0x00000000f0000000)
  eden space 77888K, 100% used [0x00000000e8000000, 0x00000000ecc10000, 0x00000000ecc10000)
  from space 9664K, 100% used [0x00000000ed580000, 0x00000000edef0000, 0x00000000edef0000)
  to   space 9664K,   0% used [0x00000000ecc10000, 0x00000000ecc10000, 0x00000000ed580000)
 tenured generation   total 194316K, used 157025K [0x00000000f0000000, 0x00000000fbdc3000, 0x0000000100000000)
   the space 194316K,  80% used [0x00000000f0000000, 0x00000000f99584b0, 0x00000000f9958600, 0x00000000fbdc3000)
 Metaspace       used 19542K, capacity 20222K, committed 20480K, reserved 1067008K
  class space    used 1843K, capacity 1979K, committed 2048K, reserved 1048576K
Event: 100.902 GC heap after
Heap after GC invocations=62 (full 10):
 def new generation   total 87552K, used 9383K [0x00000000e8000000, 0x00000000edef0000, 0x00000000f0000000)
  eden space 77888K,   0% used [0x00000000e8000000, 0x00000000e8000000, 0x00000000ecc10000)
  from space 9664K,  97% used [0x00000000ecc10000, 0x00000000ed539da0, 0x00000000ed580000)
  to   space 9664K,   0% used [0x00000000ed580000, 0x00000000ed580000, 0x00000000edef0000)
 tenured generation   total 194316K, used 165342K [0x00000000f0000000, 0x00000000fbdc3000, 0x0000000100000000)
   the space 194316K,  85% used [0x00000000f0000000, 0x00000000fa177b10, 0x00000000fa177c00, 0x00000000fbdc3000)
 Metaspace       used 19542K, capacity 20222K, committed 20480K, reserved 1067008K
  class space    used 1843K, capacity 1979K, committed 2048K, reserved 1048576K
}
Event: 114.889 GC heap before
{Heap before GC invocations=62 (full 10):
 def new generation   total 87552K, used 87271K [0x00000000e8000000, 0x00000000edef0000, 0x00000000f0000000)
  eden space 77888K, 100% used [0x00000000e8000000, 0x00000000ecc10000, 0x00000000ecc10000)
  from space 9664K,  97% used [0x00000000ecc10000, 0x00000000ed539da0, 0x00000000ed580000)
  to   space 9664K,   0% used [0x00000000ed580000, 0x00000000ed580000, 0x00000000edef0000)
 tenured generation   total 194316K, used 165342K [0x00000000f0000000, 0x00000000fbdc3000, 0x0000000100000000)
   the space 194316K,  85% used [0x00000000f0000000, 0x00000000fa177b10, 0x00000000fa177c00, 0x00000000fbdc3000)
 Metaspace       used 19825K, capacity 20536K, committed 20736K, reserved 1069056K
  class space    used 1878K, capacity 2026K, committed 2048K, reserved 1048576K
Event: 115.453 GC heap after
Heap after GC invocations=63 (full 10):
 def new generation   total 87552K, used 6333K [0x00000000e8000000, 0x00000000edef0000, 0x00000000f0000000)
  eden space 77888K,   0% used [0x00000000e8000000, 0x00000000e8000000, 0x00000000ecc10000)
  from space 9664K,  65% used [0x00000000ed580000, 0x00000000edbaf790, 0x00000000edef0000)
  to   space 9664K,   0% used [0x00000000ecc10000, 0x00000000ecc10000, 0x00000000ed580000)
 tenured generation   total 194316K, used 173661K [0x00000000f0000000, 0x00000000fbdc3000, 0x0000000100000000)
   the space 194316K,  89% used [0x00000000f0000000, 0x00000000fa9975c8, 0x00000000fa997600, 0x00000000fbdc3000)
 Metaspace       used 19825K, capacity 20536K, committed 20736K, reserved 1069056K
  class space    used 1878K, capacity 2026K, committed 2048K, reserved 1048576K
}
Event: 150.468 GC heap before
{Heap before GC invocations=63 (full 10):
 def new generation   total 87552K, used 84221K [0x00000000e8000000, 0x00000000edef0000, 0x00000000f0000000)
  eden space 77888K, 100% used [0x00000000e8000000, 0x00000000ecc10000, 0x00000000ecc10000)
  from space 9664K,  65% used [0x00000000ed580000, 0x00000000edbaf790, 0x00000000edef0000)
  to   space 9664K,   0% used [0x00000000ecc10000, 0x00000000ecc10000, 0x00000000ed580000)
 tenured generation   total 194316K, used 173661K [0x00000000f0000000, 0x00000000fbdc3000, 0x0000000100000000)
   the space 194316K,  89% used [0x00000000f0000000, 0x00000000fa9975c8, 0x00000000fa997600, 0x00000000fbdc3000)
 Metaspace       used 19836K, capacity 20536K, committed 20736K, reserved 1069056K
  class space    used 1878K, capacity 2026K, committed 2048K, reserved 1048576K
Event: 150.693 GC heap after
Heap after GC invocations=64 (full 10):
 def new generation   total 87552K, used 8286K [0x00000000e8000000, 0x00000000edef0000, 0x00000000f0000000)
  eden space 77888K,   0% used [0x00000000e8000000, 0x00000000e8000000, 0x00000000ecc10000)
  from space 9664K,  85% used [0x00000000ecc10000, 0x00000000ed427ac8, 0x00000000ed580000)
  to   space 9664K,   0% used [0x00000000ed580000, 0x00000000ed580000, 0x00000000edef0000)
 tenured generation   total 194316K, used 181571K [0x00000000f0000000, 0x00000000fbdc3000, 0x0000000100000000)
   the space 194316K,  93% used [0x00000000f0000000, 0x00000000fb150e48, 0x00000000fb151000, 0x00000000fbdc3000)
 Metaspace       used 19836K, capacity 20536K, committed 20736K, reserved 1069056K
  class space    used 1878K, capacity 2026K, committed 2048K, reserved 1048576K
}
Event: 158.947 GC heap before
{Heap before GC invocations=64 (full 10):
 def new generation   total 87552K, used 86174K [0x00000000e8000000, 0x00000000edef0000, 0x00000000f0000000)
  eden space 77888K, 100% used [0x00000000e8000000, 0x00000000ecc10000, 0x00000000ecc10000)
  from space 9664K,  85% used [0x00000000ecc10000, 0x00000000ed427ac8, 0x00000000ed580000)
  to   space 9664K,   0% used [0x00000000ed580000, 0x00000000ed580000, 0x00000000edef0000)
 tenured generation   total 194316K, used 181571K [0x00000000f0000000, 0x00000000fbdc3000, 0x0000000100000000)
   the space 194316K,  93% used [0x00000000f0000000, 0x00000000fb150e48, 0x00000000fb151000, 0x00000000fbdc3000)
 Metaspace       used 19844K, capacity 20542K, committed 20736K, reserved 1069056K
  class space    used 1879K, capacity 2027K, committed 2048K, reserved 1048576K

