# JRE version: OpenJDK Runtime Environment (8.0_91-b14) (build 1.8.0_91-8u91-b14-0ubuntu4~16.04.1-b14)
# Java VM: OpenJDK 64-Bit Server VM (25.91-b14 mixed mode linux-amd64 compressed oops)
Heap:
 def new generation   total 86080K, used 86080K [0x00000000e8000000, 0x00000000edd60000, 0x00000000f0000000)
  eden space 76544K, 100% used [0x00000000e8000000, 0x00000000ecac0000, 0x00000000ecac0000)
  from space 9536K, 100% used [0x00000000ecac0000, 0x00000000ed410000, 0x00000000ed410000)
  to   space 9536K,  99% used [0x00000000ed410000, 0x00000000edd5fff8, 0x00000000edd60000)
 tenured generation   total 219292K, used 219214K [0x00000000f0000000, 0x00000000fd627000, 0x0000000100000000)
   the space 219292K,  99% used [0x00000000f0000000, 0x00000000fd613ac0, 0x00000000fd613c00, 0x00000000fd627000)
 Metaspace       used 18530K, capacity 19014K, committed 19072K, reserved 1067008K
  class space    used 1743K, capacity 1863K, committed 1920K, reserved 1048576K
GC Heap History (10 events):
Event: 67.682 GC heap after
Heap after GC invocations=50 (full 8):
 def new generation   total 86080K, used 9536K [0x00000000e8000000, 0x00000000edd60000, 0x00000000f0000000)
  eden space 76544K,   0% used [0x00000000e8000000, 0x00000000e8000000, 0x00000000ecac0000)
  from space 9536K, 100% used [0x00000000ecac0000, 0x00000000ed410000, 0x00000000ed410000)
  to   space 9536K,   0% used [0x00000000ed410000, 0x00000000ed410000, 0x00000000edd60000)
 tenured generation   total 191220K, used 117811K [0x00000000f0000000, 0x00000000fbabd000, 0x0000000100000000)
   the space 191220K,  61% used [0x00000000f0000000, 0x00000000f730ccb0, 0x00000000f730ce00, 0x00000000fbabd000)
 Metaspace       used 17230K, capacity 17536K, committed 17664K, reserved 1064960K
  class space    used 1568K, capacity 1670K, committed 1792K, reserved 1048576K
}
Event: 70.504 GC heap before
{Heap before GC invocations=50 (full 8):
 def new generation   total 86080K, used 86080K [0x00000000e8000000, 0x00000000edd60000, 0x00000000f0000000)
  eden space 76544K, 100% used [0x00000000e8000000, 0x00000000ecac0000, 0x00000000ecac0000)
  from space 9536K, 100% used [0x00000000ecac0000, 0x00000000ed410000, 0x00000000ed410000)
  to   space 9536K,   0% used [0x00000000ed410000, 0x00000000ed410000, 0x00000000edd60000)
 tenured generation   total 191220K, used 117811K [0x00000000f0000000, 0x00000000fbabd000, 0x0000000100000000)
   the space 191220K,  61% used [0x00000000f0000000, 0x00000000f730ccb0, 0x00000000f730ce00, 0x00000000fbabd000)
 Metaspace       used 18444K, capacity 18920K, committed 19072K, reserved 1067008K
  class space    used 1740K, capacity 1858K, committed 1920K, reserved 1048576K
Event: 70.597 GC heap after
Heap after GC invocations=51 (full 8):
 def new generation   total 86080K, used 9333K [0x00000000e8000000, 0x00000000edd60000, 0x00000000f0000000)
  eden space 76544K,   0% used [0x00000000e8000000, 0x00000000e8000000, 0x00000000ecac0000)
  from space 9536K,  97% used [0x00000000ed410000, 0x00000000edd2d4b0, 0x00000000edd60000)
  to   space 9536K,   0% used [0x00000000ecac0000, 0x00000000ecac0000, 0x00000000ed410000)
 tenured generation   total 191220K, used 130375K [0x00000000f0000000, 0x00000000fbabd000, 0x0000000100000000)
   the space 191220K,  68% used [0x00000000f0000000, 0x00000000f7f51e58, 0x00000000f7f52000, 0x00000000fbabd000)
 Metaspace       used 18444K, capacity 18920K, committed 19072K, reserved 1067008K
  class space    used 1740K, capacity 1858K, committed 1920K, reserved 1048576K
}
Event: 72.174 GC heap before
{Heap before GC invocations=51 (full 8):
 def new generation   total 86080K, used 85877K [0x00000000e8000000, 0x00000000edd60000, 0x00000000f0000000)
  eden space 76544K, 100% used [0x00000000e8000000, 0x00000000ecac0000, 0x00000000ecac0000)
  from space 9536K,  97% used [0x00000000ed410000, 0x00000000edd2d4b0, 0x00000000edd60000)
  to   space 9536K,   0% used [0x00000000ecac0000, 0x00000000ecac0000, 0x00000000ed410000)
 tenured generation   total 191220K, used 130375K [0x00000000f0000000, 0x00000000fbabd000, 0x0000000100000000)
   the space 191220K,  68% used [0x00000000f0000000, 0x00000000f7f51e58, 0x00000000f7f52000, 0x00000000fbabd000)
 Metaspace       used 18507K, capacity 19014K, committed 19072K, reserved 1067008K
  class space    used 1743K, capacity 1863K, committed 1920K, reserved 1048576K
Event: 72.432 GC heap after
Heap after GC invocations=52 (full 8):
 def new generation   total 86080K, used 9535K [0x00000000e8000000, 0x00000000edd60000, 0x00000000f0000000)
  eden space 76544K,   0% used [0x00000000e8000000, 0x00000000e8000000, 0x00000000ecac0000)
  from space 9536K,  99% used [0x00000000ecac0000, 0x00000000ed40fff8, 0x00000000ed410000)
  to   space 9536K,   0% used [0x00000000ed410000, 0x00000000ed410000, 0x00000000edd60000)
 tenured generation   total 191220K, used 166129K [0x00000000f0000000, 0x00000000fbabd000, 0x0000000100000000)
   the space 191220K,  86% used [0x00000000f0000000, 0x00000000fa23c700, 0x00000000fa23c800, 0x00000000fbabd000)
 Metaspace       used 18507K, capacity 19014K, committed 19072K, reserved 1067008K
  class space    used 1743K, capacity 1863K, committed 1920K, reserved 1048576K
}
Event: 72.597 GC heap before
{Heap before GC invocations=52 (full 8):
 def new generation   total 86080K, used 85930K [0x00000000e8000000, 0x00000000edd60000, 0x00000000f0000000)
  eden space 76544K,  99% used [0x00000000e8000000, 0x00000000eca9a878, 0x00000000ecac0000)
  from space 9536K,  99% used [0x00000000ecac0000, 0x00000000ed40fff8, 0x00000000ed410000)
  to   space 9536K,   0% used [0x00000000ed410000, 0x00000000ed410000, 0x00000000edd60000)
 tenured generation   total 191220K, used 166129K [0x00000000f0000000, 0x00000000fbabd000, 0x0000000100000000)
   the space 191220K,  86% used [0x00000000f0000000, 0x00000000fa23c700, 0x00000000fa23c800, 0x00000000fbabd000)
 Metaspace       used 18507K, capacity 19014K, committed 19072K, reserved 1067008K
  class space    used 1743K, capacity 1863K, committed 1920K, reserved 1048576K
Event: 72.687 GC heap after
Heap after GC invocations=53 (full 8):
 def new generation   total 86080K, used 9535K [0x00000000e8000000, 0x00000000edd60000, 0x00000000f0000000)
  eden space 76544K,   0% used [0x00000000e8000000, 0x00000000e8000000, 0x00000000ecac0000)
  from space 9536K,  99% used [0x00000000ed410000, 0x00000000edd5fff8, 0x00000000edd60000)
  to   space 9536K,   0% used [0x00000000ecac0000, 0x00000000ecac0000, 0x00000000ed410000)
 tenured generation   total 191220K, used 176216K [0x00000000f0000000, 0x00000000fbabd000, 0x0000000100000000)
   the space 191220K,  92% used [0x00000000f0000000, 0x00000000fac16278, 0x00000000fac16400, 0x00000000fbabd000)
 Metaspace       used 18507K, capacity 19014K, committed 19072K, reserved 1067008K
  class space    used 1743K, capacity 1863K, committed 1920K, reserved 1048576K
}
Event: 73.554 GC heap before
{Heap before GC invocations=53 (full 8):
 def new generation   total 86080K, used 86079K [0x00000000e8000000, 0x00000000edd60000, 0x00000000f0000000)
  eden space 76544K, 100% used [0x00000000e8000000, 0x00000000ecac0000, 0x00000000ecac0000)
  from space 9536K,  99% used [0x00000000ed410000, 0x00000000edd5fff8, 0x00000000edd60000)
  to   space 9536K,   0% used [0x00000000ecac0000, 0x00000000ecac0000, 0x00000000ed410000)
 tenured generation   total 191220K, used 176216K [0x00000000f0000000, 0x00000000fbabd000, 0x0000000100000000)
   the space 191220K,  92% used [0x00000000f0000000, 0x00000000fac16278, 0x00000000fac16400, 0x00000000fbabd000)
 Metaspace       used 18511K, capacity 19014K, committed 19072K, reserved 1067008K
  class space    used 1743K, capacity 1863K, committed 1920K, reserved 1048576K
Event: 73.714 GC heap after
Heap after GC invocations=54 (full 8):
 def new generation   total 86080K, used 9536K [0x00000000e8000000, 0x00000000edd60000, 0x00000000f0000000)
  eden space 76544K,   0% used [0x00000000e8000000, 0x00000000e8000000, 0x00000000ecac0000)
  from space 9536K, 100% used [0x00000000ecac0000, 0x00000000ed410000, 0x00000000ed410000)
  to   space 9536K,   0% used [0x00000000ed410000, 0x00000000ed410000, 0x00000000edd60000)
 tenured generation   total 191220K, used 190760K [0x00000000f0000000, 0x00000000fbabd000, 0x0000000100000000)
   the space 191220K,  99% used [0x00000000f0000000, 0x00000000fba4a318, 0x00000000fba4a400, 0x00000000fbabd000)
 Metaspace       used 18511K, capacity 19014K, committed 19072K, reserved 1067008K
  class space    used 1743K, capacity 1863K, committed 1920K, reserved 1048576K
}
Event: 74.900 GC heap before
{Heap before GC invocations=54 (full 8):
 def new generation   total 86080K, used 86080K [0x00000000e8000000, 0x00000000edd60000, 0x00000000f0000000)
  eden space 76544K, 100% used [0x00000000e8000000, 0x00000000ecac0000, 0x00000000ecac0000)
  from space 9536K, 100% used [0x00000000ecac0000, 0x00000000ed410000, 0x00000000ed410000)
  to   space 9536K,   0% used [0x00000000ed410000, 0x00000000ed410000, 0x00000000edd60000)
 tenured generation   total 191220K, used 190760K [0x00000000f0000000, 0x00000000fbabd000, 0x0000000100000000)
   the space 191220K,  99% used [0x00000000f0000000, 0x00000000fba4a318, 0x00000000fba4a400, 0x00000000fbabd000)
 Metaspace       used 18530K, capacity 19014K, committed 19072K, reserved 1067008K
  class space    used 1743K, capacity 1863K, committed 1920K, reserved 1048576K

