# JRE version: OpenJDK Runtime Environment (8.0_91-b14) (build 1.8.0_91-8u91-b14-0ubuntu4~16.04.1-b14)
# Java VM: OpenJDK 64-Bit Server VM (25.91-b14 mixed mode linux-amd64 compressed oops)
Heap:
 def new generation   total 87104K, used 83144K [0x00000000e8000000, 0x00000000ede80000, 0x00000000f0000000)
  eden space 77440K, 100% used [0x00000000e8000000, 0x00000000ecba0000, 0x00000000ecba0000)
  from space 9664K,  59% used [0x00000000ed510000, 0x00000000edaa2028, 0x00000000ede80000)
  to   space 9664K, 100% used [0x00000000ecba0000, 0x00000000ed510000, 0x00000000ed510000)
 tenured generation   total 211084K, used 211083K [0x00000000f0000000, 0x00000000fce23000, 0x0000000100000000)
   the space 211084K,  99% used [0x00000000f0000000, 0x00000000fce22ff8, 0x00000000fce23000, 0x00000000fce23000)
 Metaspace       used 18538K, capacity 19014K, committed 19072K, reserved 1067008K
  class space    used 1744K, capacity 1863K, committed 1920K, reserved 1048576K
GC Heap History (10 events):
Event: 41.136 GC heap after
Heap after GC invocations=49 (full 9):
 def new generation   total 87104K, used 9663K [0x00000000e8000000, 0x00000000ede80000, 0x00000000f0000000)
  eden space 77440K,   0% used [0x00000000e8000000, 0x00000000e8000000, 0x00000000ecba0000)
  from space 9664K,  99% used [0x00000000ed510000, 0x00000000ede7fff8, 0x00000000ede80000)
  to   space 9664K,   0% used [0x00000000ecba0000, 0x00000000ecba0000, 0x00000000ed510000)
 tenured generation   total 193460K, used 110121K [0x00000000f0000000, 0x00000000fbced000, 0x0000000100000000)
   the space 193460K,  56% used [0x00000000f0000000, 0x00000000f6b8a598, 0x00000000f6b8a600, 0x00000000fbced000)
 Metaspace       used 17209K, capacity 17536K, committed 17664K, reserved 1064960K
  class space    used 1568K, capacity 1670K, committed 1792K, reserved 1048576K
}
Event: 42.716 GC heap before
{Heap before GC invocations=49 (full 9):
 def new generation   total 87104K, used 87103K [0x00000000e8000000, 0x00000000ede80000, 0x00000000f0000000)
  eden space 77440K, 100% used [0x00000000e8000000, 0x00000000ecba0000, 0x00000000ecba0000)
  from space 9664K,  99% used [0x00000000ed510000, 0x00000000ede7fff8, 0x00000000ede80000)
  to   space 9664K,   0% used [0x00000000ecba0000, 0x00000000ecba0000, 0x00000000ed510000)
 tenured generation   total 193460K, used 110121K [0x00000000f0000000, 0x00000000fbced000, 0x0000000100000000)
   the space 193460K,  56% used [0x00000000f0000000, 0x00000000f6b8a598, 0x00000000f6b8a600, 0x00000000fbced000)
 Metaspace       used 18352K, capacity 18808K, committed 19072K, reserved 1067008K
  class space    used 1730K, capacity 1850K, committed 1920K, reserved 1048576K
Event: 42.783 GC heap after
Heap after GC invocations=50 (full 9):
 def new generation   total 87104K, used 9663K [0x00000000e8000000, 0x00000000ede80000, 0x00000000f0000000)
  eden space 77440K,   0% used [0x00000000e8000000, 0x00000000e8000000, 0x00000000ecba0000)
  from space 9664K,  99% used [0x00000000ecba0000, 0x00000000ed50fff0, 0x00000000ed510000)
  to   space 9664K,   0% used [0x00000000ed510000, 0x00000000ed510000, 0x00000000ede80000)
 tenured generation   total 193460K, used 119104K [0x00000000f0000000, 0x00000000fbced000, 0x0000000100000000)
   the space 193460K,  61% used [0x00000000f0000000, 0x00000000f74501f0, 0x00000000f7450200, 0x00000000fbced000)
 Metaspace       used 18352K, capacity 18808K, committed 19072K, reserved 1067008K
  class space    used 1730K, capacity 1850K, committed 1920K, reserved 1048576K
}
Event: 44.271 GC heap before
{Heap before GC invocations=50 (full 9):
 def new generation   total 87104K, used 87103K [0x00000000e8000000, 0x00000000ede80000, 0x00000000f0000000)
  eden space 77440K, 100% used [0x00000000e8000000, 0x00000000ecba0000, 0x00000000ecba0000)
  from space 9664K,  99% used [0x00000000ecba0000, 0x00000000ed50fff0, 0x00000000ed510000)
  to   space 9664K,   0% used [0x00000000ed510000, 0x00000000ed510000, 0x00000000ede80000)
 tenured generation   total 193460K, used 119104K [0x00000000f0000000, 0x00000000fbced000, 0x0000000100000000)
   the space 193460K,  61% used [0x00000000f0000000, 0x00000000f74501f0, 0x00000000f7450200, 0x00000000fbced000)
 Metaspace       used 18511K, capacity 18950K, committed 19072K, reserved 1067008K
  class space    used 1744K, capacity 1863K, committed 1920K, reserved 1048576K
Event: 44.396 GC heap after
Heap after GC invocations=51 (full 9):
 def new generation   total 87104K, used 9664K [0x00000000e8000000, 0x00000000ede80000, 0x00000000f0000000)
  eden space 77440K,   0% used [0x00000000e8000000, 0x00000000e8000000, 0x00000000ecba0000)
  from space 9664K, 100% used [0x00000000ed510000, 0x00000000ede80000, 0x00000000ede80000)
  to   space 9664K,   0% used [0x00000000ecba0000, 0x00000000ecba0000, 0x00000000ed510000)
 tenured generation   total 193460K, used 150176K [0x00000000f0000000, 0x00000000fbced000, 0x0000000100000000)
   the space 193460K,  77% used [0x00000000f0000000, 0x00000000f92a81b8, 0x00000000f92a8200, 0x00000000fbced000)
 Metaspace       used 18511K, capacity 18950K, committed 19072K, reserved 1067008K
  class space    used 1744K, capacity 1863K, committed 1920K, reserved 1048576K
}
Event: 44.731 GC heap before
{Heap before GC invocations=51 (full 9):
 def new generation   total 87104K, used 87083K [0x00000000e8000000, 0x00000000ede80000, 0x00000000f0000000)
  eden space 77440K,  99% used [0x00000000e8000000, 0x00000000ecb9ad70, 0x00000000ecba0000)
  from space 9664K, 100% used [0x00000000ed510000, 0x00000000ede80000, 0x00000000ede80000)
  to   space 9664K,   0% used [0x00000000ecba0000, 0x00000000ecba0000, 0x00000000ed510000)
 tenured generation   total 193460K, used 150176K [0x00000000f0000000, 0x00000000fbced000, 0x0000000100000000)
   the space 193460K,  77% used [0x00000000f0000000, 0x00000000f92a81b8, 0x00000000f92a8200, 0x00000000fbced000)
 Metaspace       used 18513K, capacity 18950K, committed 19072K, reserved 1067008K
  class space    used 1744K, capacity 1863K, committed 1920K, reserved 1048576K
Event: 44.809 GC heap after
Heap after GC invocations=52 (full 9):
 def new generation   total 87104K, used 9664K [0x00000000e8000000, 0x00000000ede80000, 0x00000000f0000000)
  eden space 77440K,   0% used [0x00000000e8000000, 0x00000000e8000000, 0x00000000ecba0000)
  from space 9664K, 100% used [0x00000000ecba0000, 0x00000000ed510000, 0x00000000ed510000)
  to   space 9664K,   0% used [0x00000000ed510000, 0x00000000ed510000, 0x00000000ede80000)
 tenured generation   total 193460K, used 173957K [0x00000000f0000000, 0x00000000fbced000, 0x0000000100000000)
   the space 193460K,  89% used [0x00000000f0000000, 0x00000000fa9e1708, 0x00000000fa9e1800, 0x00000000fbced000)
 Metaspace       used 18513K, capacity 18950K, committed 19072K, reserved 1067008K
  class space    used 1744K, capacity 1863K, committed 1920K, reserved 1048576K
}
Event: 44.886 GC heap before
{Heap before GC invocations=52 (full 9):
 def new generation   total 87104K, used 87104K [0x00000000e8000000, 0x00000000ede80000, 0x00000000f0000000)
  eden space 77440K, 100% used [0x00000000e8000000, 0x00000000ecba0000, 0x00000000ecba0000)
  from space 9664K, 100% used [0x00000000ecba0000, 0x00000000ed510000, 0x00000000ed510000)
  to   space 9664K,   0% used [0x00000000ed510000, 0x00000000ed510000, 0x00000000ede80000)
 tenured generation   total 193460K, used 173957K [0x00000000f0000000, 0x00000000fbced000, 0x0000000100000000)
   the space 193460K,  89% used [0x00000000f0000000, 0x00000000fa9e1708, 0x00000000fa9e1800, 0x00000000fbced000)
 Metaspace       used 18513K, capacity 18950K, committed 19072K, reserved 1067008K
  class space    used 1744K, capacity 1863K, committed 1920K, reserved 1048576K
Event: 44.908 GC heap after
Heap after GC invocations=53 (full 9):
 def new generation   total 87104K, used 5704K [0x00000000e8000000, 0x00000000ede80000, 0x00000000f0000000)
  eden space 77440K,   0% used [0x00000000e8000000, 0x00000000e8000000, 0x00000000ecba0000)
  from space 9664K,  59% used [0x00000000ed510000, 0x00000000edaa2028, 0x00000000ede80000)
  to   space 9664K,   0% used [0x00000000ecba0000, 0x00000000ecba0000, 0x00000000ed510000)
 tenured generation   total 193460K, used 183483K [0x00000000f0000000, 0x00000000fbced000, 0x0000000100000000)
   the space 193460K,  94% used [0x00000000f0000000, 0x00000000fb32eef8, 0x00000000fb32f000, 0x00000000fbced000)
 Metaspace       used 18513K, capacity 18950K, committed 19072K, reserved 1067008K
  class space    used 1744K, capacity 1863K, committed 1920K, reserved 1048576K
}
Event: 46.168 GC heap before
{Heap before GC invocations=53 (full 9):
 def new generation   total 87104K, used 83144K [0x00000000e8000000, 0x00000000ede80000, 0x00000000f0000000)
  eden space 77440K, 100% used [0x00000000e8000000, 0x00000000ecba0000, 0x00000000ecba0000)
  from space 9664K,  59% used [0x00000000ed510000, 0x00000000edaa2028, 0x00000000ede80000)
  to   space 9664K,   0% used [0x00000000ecba0000, 0x00000000ecba0000, 0x00000000ed510000)
 tenured generation   total 193460K, used 183483K [0x00000000f0000000, 0x00000000fbced000, 0x0000000100000000)
   the space 193460K,  94% used [0x00000000f0000000, 0x00000000fb32eef8, 0x00000000fb32f000, 0x00000000fbced000)
 Metaspace       used 18538K, capacity 19014K, committed 19072K, reserved 1067008K
  class space    used 1744K, capacity 1863K, committed 1920K, reserved 1048576K

