# JRE version: OpenJDK Runtime Environment (8.0_91-b14) (build 1.8.0_91-8u91-b14-0ubuntu4~16.04.1-b14)
# Java VM: OpenJDK 64-Bit Server VM (25.91-b14 mixed mode linux-amd64 compressed oops)
Heap:
 def new generation   total 86656K, used 86655K [0x00000000e8000000, 0x00000000ede00000, 0x00000000f0000000)
  eden space 77056K, 100% used [0x00000000e8000000, 0x00000000ecb40000, 0x00000000ecb40000)
  from space 9600K,  99% used [0x00000000ed4a0000, 0x00000000eddffff8, 0x00000000ede00000)
  to   space 9600K, 100% used [0x00000000ecb40000, 0x00000000ed4a0000, 0x00000000ed4a0000)
 tenured generation   total 223028K, used 223027K [0x00000000f0000000, 0x00000000fd9cd000, 0x0000000100000000)
   the space 223028K,  99% used [0x00000000f0000000, 0x00000000fd9ccff8, 0x00000000fd9cd000, 0x00000000fd9cd000)
 Metaspace       used 19946K, capacity 20612K, committed 20736K, reserved 1069056K
  class space    used 1877K, capacity 2028K, committed 2048K, reserved 1048576K
GC Heap History (10 events):
Event: 96.968 GC heap after
Heap after GC invocations=69 (full 11):
 def new generation   total 86656K, used 9600K [0x00000000e8000000, 0x00000000ede00000, 0x00000000f0000000)
  eden space 77056K,   0% used [0x00000000e8000000, 0x00000000e8000000, 0x00000000ecb40000)
  from space 9600K, 100% used [0x00000000ed4a0000, 0x00000000ede00000, 0x00000000ede00000)
  to   space 9600K,   0% used [0x00000000ecb40000, 0x00000000ecb40000, 0x00000000ed4a0000)
 tenured generation   total 192500K, used 106403K [0x00000000f0000000, 0x00000000fbbfd000, 0x0000000100000000)
   the space 192500K,  55% used [0x00000000f0000000, 0x00000000f67e8e78, 0x00000000f67e9000, 0x00000000fbbfd000)
 Metaspace       used 19926K, capacity 20606K, committed 20736K, reserved 1069056K
  class space    used 1877K, capacity 2027K, committed 2048K, reserved 1048576K
}
Event: 98.365 GC heap before
{Heap before GC invocations=69 (full 11):
 def new generation   total 86656K, used 86656K [0x00000000e8000000, 0x00000000ede00000, 0x00000000f0000000)
  eden space 77056K, 100% used [0x00000000e8000000, 0x00000000ecb40000, 0x00000000ecb40000)
  from space 9600K, 100% used [0x00000000ed4a0000, 0x00000000ede00000, 0x00000000ede00000)
  to   space 9600K,   0% used [0x00000000ecb40000, 0x00000000ecb40000, 0x00000000ed4a0000)
 tenured generation   total 192500K, used 106403K [0x00000000f0000000, 0x00000000fbbfd000, 0x0000000100000000)
   the space 192500K,  55% used [0x00000000f0000000, 0x00000000f67e8e78, 0x00000000f67e9000, 0x00000000fbbfd000)
 Metaspace       used 19935K, capacity 20612K, committed 20736K, reserved 1069056K
  class space    used 1877K, capacity 2028K, committed 2048K, reserved 1048576K
Event: 98.461 GC heap after
Heap after GC invocations=70 (full 11):
 def new generation   total 86656K, used 9600K [0x00000000e8000000, 0x00000000ede00000, 0x00000000f0000000)
  eden space 77056K,   0% used [0x00000000e8000000, 0x00000000e8000000, 0x00000000ecb40000)
  from space 9600K, 100% used [0x00000000ecb40000, 0x00000000ed4a0000, 0x00000000ed4a0000)
  to   space 9600K,   0% used [0x00000000ed4a0000, 0x00000000ed4a0000, 0x00000000ede00000)
 tenured generation   total 192500K, used 141856K [0x00000000f0000000, 0x00000000fbbfd000, 0x0000000100000000)
   the space 192500K,  73% used [0x00000000f0000000, 0x00000000f8a88318, 0x00000000f8a88400, 0x00000000fbbfd000)
 Metaspace       used 19935K, capacity 20612K, committed 20736K, reserved 1069056K
  class space    used 1877K, capacity 2028K, committed 2048K, reserved 1048576K
}
Event: 98.575 GC heap before
{Heap before GC invocations=70 (full 11):
 def new generation   total 86656K, used 86655K [0x00000000e8000000, 0x00000000ede00000, 0x00000000f0000000)
  eden space 77056K,  99% used [0x00000000e8000000, 0x00000000ecb3fc58, 0x00000000ecb40000)
  from space 9600K, 100% used [0x00000000ecb40000, 0x00000000ed4a0000, 0x00000000ed4a0000)
  to   space 9600K,   0% used [0x00000000ed4a0000, 0x00000000ed4a0000, 0x00000000ede00000)
 tenured generation   total 192500K, used 141856K [0x00000000f0000000, 0x00000000fbbfd000, 0x0000000100000000)
   the space 192500K,  73% used [0x00000000f0000000, 0x00000000f8a88318, 0x00000000f8a88400, 0x00000000fbbfd000)
 Metaspace       used 19935K, capacity 20612K, committed 20736K, reserved 1069056K
  class space    used 1877K, capacity 2028K, committed 2048K, reserved 1048576K
Event: 98.607 GC heap after
Heap after GC invocations=71 (full 11):
 def new generation   total 86656K, used 8724K [0x00000000e8000000, 0x00000000ede00000, 0x00000000f0000000)
  eden space 77056K,   0% used [0x00000000e8000000, 0x00000000e8000000, 0x00000000ecb40000)
  from space 9600K,  90% used [0x00000000ed4a0000, 0x00000000edd253d0, 0x00000000ede00000)
  to   space 9600K,   0% used [0x00000000ecb40000, 0x00000000ecb40000, 0x00000000ed4a0000)
 tenured generation   total 192500K, used 151447K [0x00000000f0000000, 0x00000000fbbfd000, 0x0000000100000000)
   the space 192500K,  78% used [0x00000000f0000000, 0x00000000f93e5e90, 0x00000000f93e6000, 0x00000000fbbfd000)
 Metaspace       used 19935K, capacity 20612K, committed 20736K, reserved 1069056K
  class space    used 1877K, capacity 2028K, committed 2048K, reserved 1048576K
}
Event: 99.212 GC heap before
{Heap before GC invocations=71 (full 11):
 def new generation   total 86656K, used 85780K [0x00000000e8000000, 0x00000000ede00000, 0x00000000f0000000)
  eden space 77056K, 100% used [0x00000000e8000000, 0x00000000ecb40000, 0x00000000ecb40000)
  from space 9600K,  90% used [0x00000000ed4a0000, 0x00000000edd253d0, 0x00000000ede00000)
  to   space 9600K,   0% used [0x00000000ecb40000, 0x00000000ecb40000, 0x00000000ed4a0000)
 tenured generation   total 192500K, used 151447K [0x00000000f0000000, 0x00000000fbbfd000, 0x0000000100000000)
   the space 192500K,  78% used [0x00000000f0000000, 0x00000000f93e5e90, 0x00000000f93e6000, 0x00000000fbbfd000)
 Metaspace       used 19938K, capacity 20612K, committed 20736K, reserved 1069056K
  class space    used 1877K, capacity 2028K, committed 2048K, reserved 1048576K
Event: 99.315 GC heap after
Heap after GC invocations=72 (full 11):
 def new generation   total 86656K, used 9600K [0x00000000e8000000, 0x00000000ede00000, 0x00000000f0000000)
  eden space 77056K,   0% used [0x00000000e8000000, 0x00000000e8000000, 0x00000000ecb40000)
  from space 9600K, 100% used [0x00000000ecb40000, 0x00000000ed4a0000, 0x00000000ed4a0000)
  to   space 9600K,   0% used [0x00000000ed4a0000, 0x00000000ed4a0000, 0x00000000ede00000)
 tenured generation   total 192500K, used 175422K [0x00000000f0000000, 0x00000000fbbfd000, 0x0000000100000000)
   the space 192500K,  91% used [0x00000000f0000000, 0x00000000fab4fb00, 0x00000000fab4fc00, 0x00000000fbbfd000)
 Metaspace       used 19938K, capacity 20612K, committed 20736K, reserved 1069056K
  class space    used 1877K, capacity 2028K, committed 2048K, reserved 1048576K
}
Event: 100.573 GC heap before
{Heap before GC invocations=72 (full 11):
 def new generation   total 86656K, used 86656K [0x00000000e8000000, 0x00000000ede00000, 0x00000000f0000000)
  eden space 77056K, 100% used [0x00000000e8000000, 0x00000000ecb40000, 0x00000000ecb40000)
  from space 9600K, 100% used [0x00000000ecb40000, 0x00000000ed4a0000, 0x00000000ed4a0000)
  to   space 9600K,   0% used [0x00000000ed4a0000, 0x00000000ed4a0000, 0x00000000ede00000)
 tenured generation   total 192500K, used 175422K [0x00000000f0000000, 0x00000000fbbfd000, 0x0000000100000000)
   the space 192500K,  91% used [0x00000000f0000000, 0x00000000fab4fb00, 0x00000000fab4fc00, 0x00000000fbbfd000)
 Metaspace       used 19938K, capacity 20612K, committed 20736K, reserved 1069056K
  class space    used 1877K, capacity 2028K, committed 2048K, reserved 1048576K
Event: 100.682 GC heap after
Heap after GC invocations=73 (full 11):
 def new generation   total 86656K, used 9599K [0x00000000e8000000, 0x00000000ede00000, 0x00000000f0000000)
  eden space 77056K,   0% used [0x00000000e8000000, 0x00000000e8000000, 0x00000000ecb40000)
  from space 9600K,  99% used [0x00000000ed4a0000, 0x00000000eddffff8, 0x00000000ede00000)
  to   space 9600K,   0% used [0x00000000ecb40000, 0x00000000ecb40000, 0x00000000ed4a0000)
 tenured generation   total 192500K, used 190873K [0x00000000f0000000, 0x00000000fbbfd000, 0x0000000100000000)
   the space 192500K,  99% used [0x00000000f0000000, 0x00000000fba66590, 0x00000000fba66600, 0x00000000fbbfd000)
 Metaspace       used 19938K, capacity 20612K, committed 20736K, reserved 1069056K
  class space    used 1877K, capacity 2028K, committed 2048K, reserved 1048576K
}
Event: 101.461 GC heap before
{Heap before GC invocations=73 (full 11):
 def new generation   total 86656K, used 86655K [0x00000000e8000000, 0x00000000ede00000, 0x00000000f0000000)
  eden space 77056K, 100% used [0x00000000e8000000, 0x00000000ecb40000, 0x00000000ecb40000)
  from space 9600K,  99% used [0x00000000ed4a0000, 0x00000000eddffff8, 0x00000000ede00000)
  to   space 9600K,   0% used [0x00000000ecb40000, 0x00000000ecb40000, 0x00000000ed4a0000)
 tenured generation   total 192500K, used 190873K [0x00000000f0000000, 0x00000000fbbfd000, 0x0000000100000000)
   the space 192500K,  99% used [0x00000000f0000000, 0x00000000fba66590, 0x00000000fba66600, 0x00000000fbbfd000)
 Metaspace       used 19946K, capacity 20612K, committed 20736K, reserved 1069056K
  class space    used 1877K, capacity 2028K, committed 2048K, reserved 1048576K

